2018-08-30 17:25:38.335 INFO  370  --- [main] o.s.t.c.s.DefaultTestContextBootstrapper 
INFO : Loaded default TestExecutionListener class names from location [META-INF/spring.factories]: [org.springframework.test.context.web.ServletTestExecutionListener, org.springframework.test.context.support.DirtiesContextBeforeModesTestExecutionListener, org.springframework.test.context.support.DependencyInjectionTestExecutionListener, org.springframework.test.context.support.DirtiesContextTestExecutionListener, org.springframework.test.context.transaction.TransactionalTestExecutionListener, org.springframework.test.context.jdbc.SqlScriptsTestExecutionListener]
2018-08-30 17:25:38.406 INFO  441  --- [main] o.s.t.c.s.DefaultTestContextBootstrapper 
INFO : Using TestExecutionListeners: [org.springframework.test.context.web.ServletTestExecutionListener@40cb8df7, org.springframework.test.context.support.DirtiesContextBeforeModesTestExecutionListener@13b13b5d, org.springframework.test.context.support.DependencyInjectionTestExecutionListener@2892dae4, org.springframework.test.context.support.DirtiesContextTestExecutionListener@355ce81c, org.springframework.test.context.transaction.TransactionalTestExecutionListener@29647f75, org.springframework.test.context.jdbc.SqlScriptsTestExecutionListener@3315d2d7]
2018-08-30 17:25:38.538 INFO  573  --- [main] o.s.b.f.xml.XmlBeanDefinitionReader 
INFO : Loading XML bean definitions from URL [file:WebContent/WEB-INF/spring/root-Context.xml]
2018-08-30 17:25:38.803 INFO  838  --- [main] o.s.s.c.SpringSecurityCoreVersion 
INFO : You are running with Spring Security Core 4.2.3.RELEASE
2018-08-30 17:25:38.803 INFO  838  --- [main] o.s.s.c.SecurityNamespaceHandler 
INFO : Spring Security 'config' module version is 4.2.3.RELEASE
2018-08-30 17:25:38.863 INFO  898  --- [main] o.s.s.c.h.FilterInvocationSecurityMetadataSourceParser 
INFO : Creating access control expression attribute 'permitAll' for /
2018-08-30 17:25:38.863 INFO  898  --- [main] o.s.s.c.h.FilterInvocationSecurityMetadataSourceParser 
INFO : Creating access control expression attribute 'permitAll' for /common/join
2018-08-30 17:25:38.864 INFO  899  --- [main] o.s.s.c.h.FilterInvocationSecurityMetadataSourceParser 
INFO : Creating access control expression attribute 'permitAll' for /common/joinForm
2018-08-30 17:25:38.864 INFO  899  --- [main] o.s.s.c.h.FilterInvocationSecurityMetadataSourceParser 
INFO : Creating access control expression attribute 'permitAll' for /common/login
2018-08-30 17:25:38.864 INFO  899  --- [main] o.s.s.c.h.FilterInvocationSecurityMetadataSourceParser 
INFO : Creating access control expression attribute 'permitAll' for /common/loginForm
2018-08-30 17:25:38.864 INFO  899  --- [main] o.s.s.c.h.FilterInvocationSecurityMetadataSourceParser 
INFO : Creating access control expression attribute 'permitAll' for /common/apiLogin/**
2018-08-30 17:25:38.864 INFO  899  --- [main] o.s.s.c.h.FilterInvocationSecurityMetadataSourceParser 
INFO : Creating access control expression attribute 'permitAll' for /common/main
2018-08-30 17:25:38.864 INFO  899  --- [main] o.s.s.c.h.FilterInvocationSecurityMetadataSourceParser 
INFO : Creating access control expression attribute 'permitAll' for /common/totalTripBoardListAndPaging
2018-08-30 17:25:38.864 INFO  899  --- [main] o.s.s.c.h.FilterInvocationSecurityMetadataSourceParser 
INFO : Creating access control expression attribute 'hasRole('ROLE_USER')' for /common/tripBoardWriteForm
2018-08-30 17:25:38.864 INFO  899  --- [main] o.s.s.c.h.FilterInvocationSecurityMetadataSourceParser 
INFO : Creating access control expression attribute 'hasRole('ROLE_USER')' for /common/tripBoardWrite
2018-08-30 17:25:38.864 INFO  899  --- [main] o.s.s.c.h.FilterInvocationSecurityMetadataSourceParser 
INFO : Creating access control expression attribute 'hasRole('ROLE_ADMIN')' for /common/memberList
2018-08-30 17:25:38.864 INFO  899  --- [main] o.s.s.c.h.FilterInvocationSecurityMetadataSourceParser 
INFO : Creating access control expression attribute 'hasRole('ROLE_USER')' for /common/myPage
2018-08-30 17:25:38.864 INFO  899  --- [main] o.s.s.c.h.FilterInvocationSecurityMetadataSourceParser 
INFO : Creating access control expression attribute 'hasRole('ROLE_USER')' for /common/userInfoUpdate
2018-08-30 17:25:38.864 INFO  899  --- [main] o.s.s.c.h.FilterInvocationSecurityMetadataSourceParser 
INFO : Creating access control expression attribute 'hasRole('ROLE_USER')' for /common/logout
2018-08-30 17:25:39.006 INFO  1041 --- [main] o.s.s.c.h.HttpSecurityBeanDefinitionParser 
INFO : Checking sorted filter chain: [Root bean: class [org.springframework.security.web.context.SecurityContextPersistenceFilter]; scope=; abstract=false; lazyInit=false; autowireMode=0; dependencyCheck=0; autowireCandidate=true; primary=false; factoryBeanName=null; factoryMethodName=null; initMethodName=null; destroyMethodName=null, order = 200, Root bean: class [org.springframework.security.web.context.request.async.WebAsyncManagerIntegrationFilter]; scope=; abstract=false; lazyInit=false; autowireMode=0; dependencyCheck=0; autowireCandidate=true; primary=false; factoryBeanName=null; factoryMethodName=null; initMethodName=null; destroyMethodName=null, order = 400, Root bean: class [org.springframework.security.web.header.HeaderWriterFilter]; scope=; abstract=false; lazyInit=false; autowireMode=0; dependencyCheck=0; autowireCandidate=true; primary=false; factoryBeanName=null; factoryMethodName=null; initMethodName=null; destroyMethodName=null, order = 500, Root bean: class [org.springframework.security.web.csrf.CsrfFilter]; scope=; abstract=false; lazyInit=false; autowireMode=0; dependencyCheck=0; autowireCandidate=true; primary=false; factoryBeanName=null; factoryMethodName=null; initMethodName=null; destroyMethodName=null, order = 700, <org.springframework.security.web.authentication.UsernamePasswordAuthenticationFilter#0>, order = 1200, <CustomUsernamePasswordAuthenticationFilter>, order = 1201, Root bean: class [org.springframework.security.web.savedrequest.RequestCacheAwareFilter]; scope=; abstract=false; lazyInit=false; autowireMode=0; dependencyCheck=0; autowireCandidate=true; primary=false; factoryBeanName=null; factoryMethodName=null; initMethodName=null; destroyMethodName=null, order = 1700, Root bean: class [null]; scope=; abstract=false; lazyInit=false; autowireMode=0; dependencyCheck=0; autowireCandidate=true; primary=false; factoryBeanName=org.springframework.security.config.http.HttpConfigurationBuilder$SecurityContextHolderAwareRequestFilterBeanFactory#0; factoryMethodName=getBean; initMethodName=null; destroyMethodName=null, order = 1800, Root bean: class [org.springframework.security.web.authentication.AnonymousAuthenticationFilter]; scope=; abstract=false; lazyInit=false; autowireMode=0; dependencyCheck=0; autowireCandidate=true; primary=false; factoryBeanName=null; factoryMethodName=null; initMethodName=null; destroyMethodName=null, order = 2100, Root bean: class [org.springframework.security.web.session.SessionManagementFilter]; scope=; abstract=false; lazyInit=false; autowireMode=0; dependencyCheck=0; autowireCandidate=true; primary=false; factoryBeanName=null; factoryMethodName=null; initMethodName=null; destroyMethodName=null, order = 2200, Root bean: class [org.springframework.security.web.access.ExceptionTranslationFilter]; scope=; abstract=false; lazyInit=false; autowireMode=0; dependencyCheck=0; autowireCandidate=true; primary=false; factoryBeanName=null; factoryMethodName=null; initMethodName=null; destroyMethodName=null, order = 2300, <org.springframework.security.web.access.intercept.FilterSecurityInterceptor#0>, order = 2400]
2018-08-30 17:25:39.026 INFO  1061 --- [main] o.s.c.s.GenericApplicationContext 
INFO : Refreshing org.springframework.context.support.GenericApplicationContext@3a7442c7: startup date [Thu Aug 30 17:25:39 KST 2018]; root of context hierarchy
2018-08-30 17:25:39.372 INFO  1407 --- [main] o.s.j.d.DriverManagerDataSource 
INFO : Loaded JDBC driver: org.mariadb.jdbc.Driver
2018-08-30 17:25:40.465 INFO  2500 --- [main] o.s.s.w.DefaultSecurityFilterChain 
INFO : Creating filter chain: org.springframework.security.web.util.matcher.AnyRequestMatcher@1, [org.springframework.security.web.context.SecurityContextPersistenceFilter@4ca8dbfa, org.springframework.security.web.context.request.async.WebAsyncManagerIntegrationFilter@7063686f, org.springframework.security.web.header.HeaderWriterFilter@c3177d5, org.springframework.security.web.csrf.CsrfFilter@76f856a8, org.springframework.security.web.authentication.UsernamePasswordAuthenticationFilter@7c853486, security.CustomUsernamePasswordAuthenticationFilter@174e1b69, org.springframework.security.web.savedrequest.RequestCacheAwareFilter@1046498a, org.springframework.security.web.servletapi.SecurityContextHolderAwareRequestFilter@243f003c, org.springframework.security.web.authentication.AnonymousAuthenticationFilter@71cb3139, org.springframework.security.web.session.SessionManagementFilter@1639f93a, org.springframework.security.web.access.ExceptionTranslationFilter@3491e86e, org.springframework.security.web.access.intercept.FilterSecurityInterceptor@68f32020]
2018-08-30 17:25:40.487 INFO  2522 --- [main] o.s.s.c.h.DefaultFilterChainValidator 
INFO : Checking whether login URL '/common/loginForm' is accessible with your configuration
2018-08-30 17:25:40.518 WARN  2553 --- [main] o.s.s.c.h.DefaultFilterChainValidator 
WARN : Possible error: Filters at position 4 and 5 are both instances of org.springframework.security.web.authentication.UsernamePasswordAuthenticationFilter
2018-08-30 17:25:41.482 INFO  3517 --- [Thread-1] o.s.c.s.GenericApplicationContext 
INFO : Closing org.springframework.context.support.GenericApplicationContext@3a7442c7: startup date [Thu Aug 30 17:25:39 KST 2018]; root of context hierarchy
2018-08-30 17:26:25.518 INFO  313  --- [main] o.s.t.c.s.DefaultTestContextBootstrapper 
INFO : Loaded default TestExecutionListener class names from location [META-INF/spring.factories]: [org.springframework.test.context.web.ServletTestExecutionListener, org.springframework.test.context.support.DirtiesContextBeforeModesTestExecutionListener, org.springframework.test.context.support.DependencyInjectionTestExecutionListener, org.springframework.test.context.support.DirtiesContextTestExecutionListener, org.springframework.test.context.transaction.TransactionalTestExecutionListener, org.springframework.test.context.jdbc.SqlScriptsTestExecutionListener]
2018-08-30 17:26:25.533 INFO  328  --- [main] o.s.t.c.s.DefaultTestContextBootstrapper 
INFO : Using TestExecutionListeners: [org.springframework.test.context.web.ServletTestExecutionListener@40cb8df7, org.springframework.test.context.support.DirtiesContextBeforeModesTestExecutionListener@13b13b5d, org.springframework.test.context.support.DependencyInjectionTestExecutionListener@2892dae4, org.springframework.test.context.support.DirtiesContextTestExecutionListener@355ce81c, org.springframework.test.context.transaction.TransactionalTestExecutionListener@29647f75, org.springframework.test.context.jdbc.SqlScriptsTestExecutionListener@3315d2d7]
2018-08-30 17:26:25.609 INFO  404  --- [main] o.s.b.f.xml.XmlBeanDefinitionReader 
INFO : Loading XML bean definitions from URL [file:WebContent/WEB-INF/spring/root-Context.xml]
2018-08-30 17:26:25.844 INFO  639  --- [main] o.s.s.c.SpringSecurityCoreVersion 
INFO : You are running with Spring Security Core 4.2.3.RELEASE
2018-08-30 17:26:25.858 INFO  653  --- [main] o.s.s.c.SecurityNamespaceHandler 
INFO : Spring Security 'config' module version is 4.2.3.RELEASE
2018-08-30 17:26:25.890 INFO  685  --- [main] o.s.s.c.h.FilterInvocationSecurityMetadataSourceParser 
INFO : Creating access control expression attribute 'permitAll' for /
2018-08-30 17:26:25.905 INFO  700  --- [main] o.s.s.c.h.FilterInvocationSecurityMetadataSourceParser 
INFO : Creating access control expression attribute 'permitAll' for /common/join
2018-08-30 17:26:25.905 INFO  700  --- [main] o.s.s.c.h.FilterInvocationSecurityMetadataSourceParser 
INFO : Creating access control expression attribute 'permitAll' for /common/joinForm
2018-08-30 17:26:25.905 INFO  700  --- [main] o.s.s.c.h.FilterInvocationSecurityMetadataSourceParser 
INFO : Creating access control expression attribute 'permitAll' for /common/login
2018-08-30 17:26:25.905 INFO  700  --- [main] o.s.s.c.h.FilterInvocationSecurityMetadataSourceParser 
INFO : Creating access control expression attribute 'permitAll' for /common/loginForm
2018-08-30 17:26:25.905 INFO  700  --- [main] o.s.s.c.h.FilterInvocationSecurityMetadataSourceParser 
INFO : Creating access control expression attribute 'permitAll' for /common/apiLogin/**
2018-08-30 17:26:25.905 INFO  700  --- [main] o.s.s.c.h.FilterInvocationSecurityMetadataSourceParser 
INFO : Creating access control expression attribute 'permitAll' for /common/main
2018-08-30 17:26:25.905 INFO  700  --- [main] o.s.s.c.h.FilterInvocationSecurityMetadataSourceParser 
INFO : Creating access control expression attribute 'permitAll' for /common/totalTripBoardListAndPaging
2018-08-30 17:26:25.905 INFO  700  --- [main] o.s.s.c.h.FilterInvocationSecurityMetadataSourceParser 
INFO : Creating access control expression attribute 'hasRole('ROLE_USER')' for /common/tripBoardWriteForm
2018-08-30 17:26:25.905 INFO  700  --- [main] o.s.s.c.h.FilterInvocationSecurityMetadataSourceParser 
INFO : Creating access control expression attribute 'hasRole('ROLE_USER')' for /common/tripBoardWrite
2018-08-30 17:26:25.905 INFO  700  --- [main] o.s.s.c.h.FilterInvocationSecurityMetadataSourceParser 
INFO : Creating access control expression attribute 'hasRole('ROLE_ADMIN')' for /common/memberList
2018-08-30 17:26:25.905 INFO  700  --- [main] o.s.s.c.h.FilterInvocationSecurityMetadataSourceParser 
INFO : Creating access control expression attribute 'hasRole('ROLE_USER')' for /common/myPage
2018-08-30 17:26:25.905 INFO  700  --- [main] o.s.s.c.h.FilterInvocationSecurityMetadataSourceParser 
INFO : Creating access control expression attribute 'hasRole('ROLE_USER')' for /common/userInfoUpdate
2018-08-30 17:26:25.905 INFO  700  --- [main] o.s.s.c.h.FilterInvocationSecurityMetadataSourceParser 
INFO : Creating access control expression attribute 'hasRole('ROLE_USER')' for /common/logout
2018-08-30 17:26:26.040 INFO  835  --- [main] o.s.s.c.h.HttpSecurityBeanDefinitionParser 
INFO : Checking sorted filter chain: [Root bean: class [org.springframework.security.web.context.SecurityContextPersistenceFilter]; scope=; abstract=false; lazyInit=false; autowireMode=0; dependencyCheck=0; autowireCandidate=true; primary=false; factoryBeanName=null; factoryMethodName=null; initMethodName=null; destroyMethodName=null, order = 200, Root bean: class [org.springframework.security.web.context.request.async.WebAsyncManagerIntegrationFilter]; scope=; abstract=false; lazyInit=false; autowireMode=0; dependencyCheck=0; autowireCandidate=true; primary=false; factoryBeanName=null; factoryMethodName=null; initMethodName=null; destroyMethodName=null, order = 400, Root bean: class [org.springframework.security.web.header.HeaderWriterFilter]; scope=; abstract=false; lazyInit=false; autowireMode=0; dependencyCheck=0; autowireCandidate=true; primary=false; factoryBeanName=null; factoryMethodName=null; initMethodName=null; destroyMethodName=null, order = 500, Root bean: class [org.springframework.security.web.csrf.CsrfFilter]; scope=; abstract=false; lazyInit=false; autowireMode=0; dependencyCheck=0; autowireCandidate=true; primary=false; factoryBeanName=null; factoryMethodName=null; initMethodName=null; destroyMethodName=null, order = 700, <org.springframework.security.web.authentication.UsernamePasswordAuthenticationFilter#0>, order = 1200, <CustomUsernamePasswordAuthenticationFilter>, order = 1201, Root bean: class [org.springframework.security.web.savedrequest.RequestCacheAwareFilter]; scope=; abstract=false; lazyInit=false; autowireMode=0; dependencyCheck=0; autowireCandidate=true; primary=false; factoryBeanName=null; factoryMethodName=null; initMethodName=null; destroyMethodName=null, order = 1700, Root bean: class [null]; scope=; abstract=false; lazyInit=false; autowireMode=0; dependencyCheck=0; autowireCandidate=true; primary=false; factoryBeanName=org.springframework.security.config.http.HttpConfigurationBuilder$SecurityContextHolderAwareRequestFilterBeanFactory#0; factoryMethodName=getBean; initMethodName=null; destroyMethodName=null, order = 1800, Root bean: class [org.springframework.security.web.authentication.AnonymousAuthenticationFilter]; scope=; abstract=false; lazyInit=false; autowireMode=0; dependencyCheck=0; autowireCandidate=true; primary=false; factoryBeanName=null; factoryMethodName=null; initMethodName=null; destroyMethodName=null, order = 2100, Root bean: class [org.springframework.security.web.session.SessionManagementFilter]; scope=; abstract=false; lazyInit=false; autowireMode=0; dependencyCheck=0; autowireCandidate=true; primary=false; factoryBeanName=null; factoryMethodName=null; initMethodName=null; destroyMethodName=null, order = 2200, Root bean: class [org.springframework.security.web.access.ExceptionTranslationFilter]; scope=; abstract=false; lazyInit=false; autowireMode=0; dependencyCheck=0; autowireCandidate=true; primary=false; factoryBeanName=null; factoryMethodName=null; initMethodName=null; destroyMethodName=null, order = 2300, <org.springframework.security.web.access.intercept.FilterSecurityInterceptor#0>, order = 2400]
2018-08-30 17:26:26.056 INFO  851  --- [main] o.s.c.s.GenericApplicationContext 
INFO : Refreshing org.springframework.context.support.GenericApplicationContext@3a7442c7: startup date [Thu Aug 30 17:26:26 KST 2018]; root of context hierarchy
2018-08-30 17:26:26.424 INFO  1219 --- [main] o.s.j.d.DriverManagerDataSource 
INFO : Loaded JDBC driver: org.mariadb.jdbc.Driver
2018-08-30 17:26:27.450 INFO  2245 --- [main] o.s.s.w.DefaultSecurityFilterChain 
INFO : Creating filter chain: org.springframework.security.web.util.matcher.AnyRequestMatcher@1, [org.springframework.security.web.context.SecurityContextPersistenceFilter@7063686f, org.springframework.security.web.context.request.async.WebAsyncManagerIntegrationFilter@c3177d5, org.springframework.security.web.header.HeaderWriterFilter@76f856a8, org.springframework.security.web.csrf.CsrfFilter@7c853486, org.springframework.security.web.authentication.UsernamePasswordAuthenticationFilter@174e1b69, security.CustomUsernamePasswordAuthenticationFilter@1046498a, org.springframework.security.web.savedrequest.RequestCacheAwareFilter@243f003c, org.springframework.security.web.servletapi.SecurityContextHolderAwareRequestFilter@71cb3139, org.springframework.security.web.authentication.AnonymousAuthenticationFilter@1639f93a, org.springframework.security.web.session.SessionManagementFilter@3491e86e, org.springframework.security.web.access.ExceptionTranslationFilter@68f32020, org.springframework.security.web.access.intercept.FilterSecurityInterceptor@409986fe]
2018-08-30 17:26:27.462 INFO  2257 --- [main] o.s.s.c.h.DefaultFilterChainValidator 
INFO : Checking whether login URL '/common/loginForm' is accessible with your configuration
2018-08-30 17:26:27.525 WARN  2320 --- [main] o.s.s.c.h.DefaultFilterChainValidator 
WARN : Possible error: Filters at position 4 and 5 are both instances of org.springframework.security.web.authentication.UsernamePasswordAuthenticationFilter
2018-08-30 17:26:28.341 INFO  3136 --- [Thread-1] o.s.c.s.GenericApplicationContext 
INFO : Closing org.springframework.context.support.GenericApplicationContext@3a7442c7: startup date [Thu Aug 30 17:26:26 KST 2018]; root of context hierarchy
2018-08-30 17:27:02.959 INFO  313  --- [main] o.s.t.c.s.DefaultTestContextBootstrapper 
INFO : Loaded default TestExecutionListener class names from location [META-INF/spring.factories]: [org.springframework.test.context.web.ServletTestExecutionListener, org.springframework.test.context.support.DirtiesContextBeforeModesTestExecutionListener, org.springframework.test.context.support.DependencyInjectionTestExecutionListener, org.springframework.test.context.support.DirtiesContextTestExecutionListener, org.springframework.test.context.transaction.TransactionalTestExecutionListener, org.springframework.test.context.jdbc.SqlScriptsTestExecutionListener]
2018-08-30 17:27:02.975 INFO  329  --- [main] o.s.t.c.s.DefaultTestContextBootstrapper 
INFO : Using TestExecutionListeners: [org.springframework.test.context.web.ServletTestExecutionListener@40cb8df7, org.springframework.test.context.support.DirtiesContextBeforeModesTestExecutionListener@13b13b5d, org.springframework.test.context.support.DependencyInjectionTestExecutionListener@2892dae4, org.springframework.test.context.support.DirtiesContextTestExecutionListener@355ce81c, org.springframework.test.context.transaction.TransactionalTestExecutionListener@29647f75, org.springframework.test.context.jdbc.SqlScriptsTestExecutionListener@3315d2d7]
2018-08-30 17:27:03.053 INFO  407  --- [main] o.s.b.f.xml.XmlBeanDefinitionReader 
INFO : Loading XML bean definitions from URL [file:WebContent/WEB-INF/spring/root-Context.xml]
2018-08-30 17:27:03.292 INFO  646  --- [main] o.s.s.c.SpringSecurityCoreVersion 
INFO : You are running with Spring Security Core 4.2.3.RELEASE
2018-08-30 17:27:03.309 INFO  663  --- [main] o.s.s.c.SecurityNamespaceHandler 
INFO : Spring Security 'config' module version is 4.2.3.RELEASE
2018-08-30 17:27:03.340 INFO  694  --- [main] o.s.s.c.h.FilterInvocationSecurityMetadataSourceParser 
INFO : Creating access control expression attribute 'permitAll' for /
2018-08-30 17:27:03.340 INFO  694  --- [main] o.s.s.c.h.FilterInvocationSecurityMetadataSourceParser 
INFO : Creating access control expression attribute 'permitAll' for /common/join
2018-08-30 17:27:03.340 INFO  694  --- [main] o.s.s.c.h.FilterInvocationSecurityMetadataSourceParser 
INFO : Creating access control expression attribute 'permitAll' for /common/joinForm
2018-08-30 17:27:03.340 INFO  694  --- [main] o.s.s.c.h.FilterInvocationSecurityMetadataSourceParser 
INFO : Creating access control expression attribute 'permitAll' for /common/login
2018-08-30 17:27:03.340 INFO  694  --- [main] o.s.s.c.h.FilterInvocationSecurityMetadataSourceParser 
INFO : Creating access control expression attribute 'permitAll' for /common/loginForm
2018-08-30 17:27:03.340 INFO  694  --- [main] o.s.s.c.h.FilterInvocationSecurityMetadataSourceParser 
INFO : Creating access control expression attribute 'permitAll' for /common/apiLogin/**
2018-08-30 17:27:03.340 INFO  694  --- [main] o.s.s.c.h.FilterInvocationSecurityMetadataSourceParser 
INFO : Creating access control expression attribute 'permitAll' for /common/main
2018-08-30 17:27:03.340 INFO  694  --- [main] o.s.s.c.h.FilterInvocationSecurityMetadataSourceParser 
INFO : Creating access control expression attribute 'permitAll' for /common/totalTripBoardListAndPaging
2018-08-30 17:27:03.340 INFO  694  --- [main] o.s.s.c.h.FilterInvocationSecurityMetadataSourceParser 
INFO : Creating access control expression attribute 'hasRole('ROLE_USER')' for /common/tripBoardWriteForm
2018-08-30 17:27:03.340 INFO  694  --- [main] o.s.s.c.h.FilterInvocationSecurityMetadataSourceParser 
INFO : Creating access control expression attribute 'hasRole('ROLE_USER')' for /common/tripBoardWrite
2018-08-30 17:27:03.340 INFO  694  --- [main] o.s.s.c.h.FilterInvocationSecurityMetadataSourceParser 
INFO : Creating access control expression attribute 'hasRole('ROLE_ADMIN')' for /common/memberList
2018-08-30 17:27:03.340 INFO  694  --- [main] o.s.s.c.h.FilterInvocationSecurityMetadataSourceParser 
INFO : Creating access control expression attribute 'hasRole('ROLE_USER')' for /common/myPage
2018-08-30 17:27:03.340 INFO  694  --- [main] o.s.s.c.h.FilterInvocationSecurityMetadataSourceParser 
INFO : Creating access control expression attribute 'hasRole('ROLE_USER')' for /common/userInfoUpdate
2018-08-30 17:27:03.340 INFO  694  --- [main] o.s.s.c.h.FilterInvocationSecurityMetadataSourceParser 
INFO : Creating access control expression attribute 'hasRole('ROLE_USER')' for /common/logout
2018-08-30 17:27:03.493 INFO  847  --- [main] o.s.s.c.h.HttpSecurityBeanDefinitionParser 
INFO : Checking sorted filter chain: [Root bean: class [org.springframework.security.web.context.SecurityContextPersistenceFilter]; scope=; abstract=false; lazyInit=false; autowireMode=0; dependencyCheck=0; autowireCandidate=true; primary=false; factoryBeanName=null; factoryMethodName=null; initMethodName=null; destroyMethodName=null, order = 200, Root bean: class [org.springframework.security.web.context.request.async.WebAsyncManagerIntegrationFilter]; scope=; abstract=false; lazyInit=false; autowireMode=0; dependencyCheck=0; autowireCandidate=true; primary=false; factoryBeanName=null; factoryMethodName=null; initMethodName=null; destroyMethodName=null, order = 400, Root bean: class [org.springframework.security.web.header.HeaderWriterFilter]; scope=; abstract=false; lazyInit=false; autowireMode=0; dependencyCheck=0; autowireCandidate=true; primary=false; factoryBeanName=null; factoryMethodName=null; initMethodName=null; destroyMethodName=null, order = 500, Root bean: class [org.springframework.security.web.csrf.CsrfFilter]; scope=; abstract=false; lazyInit=false; autowireMode=0; dependencyCheck=0; autowireCandidate=true; primary=false; factoryBeanName=null; factoryMethodName=null; initMethodName=null; destroyMethodName=null, order = 700, <org.springframework.security.web.authentication.UsernamePasswordAuthenticationFilter#0>, order = 1200, <CustomUsernamePasswordAuthenticationFilter>, order = 1201, Root bean: class [org.springframework.security.web.savedrequest.RequestCacheAwareFilter]; scope=; abstract=false; lazyInit=false; autowireMode=0; dependencyCheck=0; autowireCandidate=true; primary=false; factoryBeanName=null; factoryMethodName=null; initMethodName=null; destroyMethodName=null, order = 1700, Root bean: class [null]; scope=; abstract=false; lazyInit=false; autowireMode=0; dependencyCheck=0; autowireCandidate=true; primary=false; factoryBeanName=org.springframework.security.config.http.HttpConfigurationBuilder$SecurityContextHolderAwareRequestFilterBeanFactory#0; factoryMethodName=getBean; initMethodName=null; destroyMethodName=null, order = 1800, Root bean: class [org.springframework.security.web.authentication.AnonymousAuthenticationFilter]; scope=; abstract=false; lazyInit=false; autowireMode=0; dependencyCheck=0; autowireCandidate=true; primary=false; factoryBeanName=null; factoryMethodName=null; initMethodName=null; destroyMethodName=null, order = 2100, Root bean: class [org.springframework.security.web.session.SessionManagementFilter]; scope=; abstract=false; lazyInit=false; autowireMode=0; dependencyCheck=0; autowireCandidate=true; primary=false; factoryBeanName=null; factoryMethodName=null; initMethodName=null; destroyMethodName=null, order = 2200, Root bean: class [org.springframework.security.web.access.ExceptionTranslationFilter]; scope=; abstract=false; lazyInit=false; autowireMode=0; dependencyCheck=0; autowireCandidate=true; primary=false; factoryBeanName=null; factoryMethodName=null; initMethodName=null; destroyMethodName=null, order = 2300, <org.springframework.security.web.access.intercept.FilterSecurityInterceptor#0>, order = 2400]
2018-08-30 17:27:03.509 INFO  863  --- [main] o.s.c.s.GenericApplicationContext 
INFO : Refreshing org.springframework.context.support.GenericApplicationContext@3a7442c7: startup date [Thu Aug 30 17:27:03 KST 2018]; root of context hierarchy
2018-08-30 17:27:03.865 INFO  1219 --- [main] o.s.j.d.DriverManagerDataSource 
INFO : Loaded JDBC driver: org.mariadb.jdbc.Driver
2018-08-30 17:27:04.809 INFO  2163 --- [main] o.s.s.w.DefaultSecurityFilterChain 
INFO : Creating filter chain: org.springframework.security.web.util.matcher.AnyRequestMatcher@1, [org.springframework.security.web.context.SecurityContextPersistenceFilter@7063686f, org.springframework.security.web.context.request.async.WebAsyncManagerIntegrationFilter@c3177d5, org.springframework.security.web.header.HeaderWriterFilter@76f856a8, org.springframework.security.web.csrf.CsrfFilter@7c853486, org.springframework.security.web.authentication.UsernamePasswordAuthenticationFilter@174e1b69, security.CustomUsernamePasswordAuthenticationFilter@1046498a, org.springframework.security.web.savedrequest.RequestCacheAwareFilter@243f003c, org.springframework.security.web.servletapi.SecurityContextHolderAwareRequestFilter@71cb3139, org.springframework.security.web.authentication.AnonymousAuthenticationFilter@1639f93a, org.springframework.security.web.session.SessionManagementFilter@3491e86e, org.springframework.security.web.access.ExceptionTranslationFilter@68f32020, org.springframework.security.web.access.intercept.FilterSecurityInterceptor@409986fe]
2018-08-30 17:27:04.840 INFO  2194 --- [main] o.s.s.c.h.DefaultFilterChainValidator 
INFO : Checking whether login URL '/common/loginForm' is accessible with your configuration
2018-08-30 17:27:04.879 WARN  2233 --- [main] o.s.s.c.h.DefaultFilterChainValidator 
WARN : Possible error: Filters at position 4 and 5 are both instances of org.springframework.security.web.authentication.UsernamePasswordAuthenticationFilter
2018-08-30 17:27:05.651 INFO  3005 --- [Thread-1] o.s.c.s.GenericApplicationContext 
INFO : Closing org.springframework.context.support.GenericApplicationContext@3a7442c7: startup date [Thu Aug 30 17:27:03 KST 2018]; root of context hierarchy
2018-08-30 17:27:28.954 INFO  298  --- [main] o.s.t.c.s.DefaultTestContextBootstrapper 
INFO : Loaded default TestExecutionListener class names from location [META-INF/spring.factories]: [org.springframework.test.context.web.ServletTestExecutionListener, org.springframework.test.context.support.DirtiesContextBeforeModesTestExecutionListener, org.springframework.test.context.support.DependencyInjectionTestExecutionListener, org.springframework.test.context.support.DirtiesContextTestExecutionListener, org.springframework.test.context.transaction.TransactionalTestExecutionListener, org.springframework.test.context.jdbc.SqlScriptsTestExecutionListener]
2018-08-30 17:27:28.969 INFO  313  --- [main] o.s.t.c.s.DefaultTestContextBootstrapper 
INFO : Using TestExecutionListeners: [org.springframework.test.context.web.ServletTestExecutionListener@40cb8df7, org.springframework.test.context.support.DirtiesContextBeforeModesTestExecutionListener@13b13b5d, org.springframework.test.context.support.DependencyInjectionTestExecutionListener@2892dae4, org.springframework.test.context.support.DirtiesContextTestExecutionListener@355ce81c, org.springframework.test.context.transaction.TransactionalTestExecutionListener@29647f75, org.springframework.test.context.jdbc.SqlScriptsTestExecutionListener@3315d2d7]
2018-08-30 17:27:29.049 INFO  393  --- [main] o.s.b.f.xml.XmlBeanDefinitionReader 
INFO : Loading XML bean definitions from URL [file:WebContent/WEB-INF/spring/root-Context.xml]
2018-08-30 17:27:29.257 INFO  601  --- [main] o.s.s.c.SpringSecurityCoreVersion 
INFO : You are running with Spring Security Core 4.2.3.RELEASE
2018-08-30 17:27:29.262 INFO  606  --- [main] o.s.s.c.SecurityNamespaceHandler 
INFO : Spring Security 'config' module version is 4.2.3.RELEASE
2018-08-30 17:27:29.295 INFO  639  --- [main] o.s.s.c.h.FilterInvocationSecurityMetadataSourceParser 
INFO : Creating access control expression attribute 'permitAll' for /
2018-08-30 17:27:29.295 INFO  639  --- [main] o.s.s.c.h.FilterInvocationSecurityMetadataSourceParser 
INFO : Creating access control expression attribute 'permitAll' for /common/join
2018-08-30 17:27:29.295 INFO  639  --- [main] o.s.s.c.h.FilterInvocationSecurityMetadataSourceParser 
INFO : Creating access control expression attribute 'permitAll' for /common/joinForm
2018-08-30 17:27:29.295 INFO  639  --- [main] o.s.s.c.h.FilterInvocationSecurityMetadataSourceParser 
INFO : Creating access control expression attribute 'permitAll' for /common/login
2018-08-30 17:27:29.295 INFO  639  --- [main] o.s.s.c.h.FilterInvocationSecurityMetadataSourceParser 
INFO : Creating access control expression attribute 'permitAll' for /common/loginForm
2018-08-30 17:27:29.295 INFO  639  --- [main] o.s.s.c.h.FilterInvocationSecurityMetadataSourceParser 
INFO : Creating access control expression attribute 'permitAll' for /common/apiLogin/**
2018-08-30 17:27:29.295 INFO  639  --- [main] o.s.s.c.h.FilterInvocationSecurityMetadataSourceParser 
INFO : Creating access control expression attribute 'permitAll' for /common/main
2018-08-30 17:27:29.295 INFO  639  --- [main] o.s.s.c.h.FilterInvocationSecurityMetadataSourceParser 
INFO : Creating access control expression attribute 'permitAll' for /common/totalTripBoardListAndPaging
2018-08-30 17:27:29.295 INFO  639  --- [main] o.s.s.c.h.FilterInvocationSecurityMetadataSourceParser 
INFO : Creating access control expression attribute 'hasRole('ROLE_USER')' for /common/tripBoardWriteForm
2018-08-30 17:27:29.295 INFO  639  --- [main] o.s.s.c.h.FilterInvocationSecurityMetadataSourceParser 
INFO : Creating access control expression attribute 'hasRole('ROLE_USER')' for /common/tripBoardWrite
2018-08-30 17:27:29.295 INFO  639  --- [main] o.s.s.c.h.FilterInvocationSecurityMetadataSourceParser 
INFO : Creating access control expression attribute 'hasRole('ROLE_ADMIN')' for /common/memberList
2018-08-30 17:27:29.295 INFO  639  --- [main] o.s.s.c.h.FilterInvocationSecurityMetadataSourceParser 
INFO : Creating access control expression attribute 'hasRole('ROLE_USER')' for /common/myPage
2018-08-30 17:27:29.295 INFO  639  --- [main] o.s.s.c.h.FilterInvocationSecurityMetadataSourceParser 
INFO : Creating access control expression attribute 'hasRole('ROLE_USER')' for /common/userInfoUpdate
2018-08-30 17:27:29.295 INFO  639  --- [main] o.s.s.c.h.FilterInvocationSecurityMetadataSourceParser 
INFO : Creating access control expression attribute 'hasRole('ROLE_USER')' for /common/logout
2018-08-30 17:27:29.443 INFO  787  --- [main] o.s.s.c.h.HttpSecurityBeanDefinitionParser 
INFO : Checking sorted filter chain: [Root bean: class [org.springframework.security.web.context.SecurityContextPersistenceFilter]; scope=; abstract=false; lazyInit=false; autowireMode=0; dependencyCheck=0; autowireCandidate=true; primary=false; factoryBeanName=null; factoryMethodName=null; initMethodName=null; destroyMethodName=null, order = 200, Root bean: class [org.springframework.security.web.context.request.async.WebAsyncManagerIntegrationFilter]; scope=; abstract=false; lazyInit=false; autowireMode=0; dependencyCheck=0; autowireCandidate=true; primary=false; factoryBeanName=null; factoryMethodName=null; initMethodName=null; destroyMethodName=null, order = 400, Root bean: class [org.springframework.security.web.header.HeaderWriterFilter]; scope=; abstract=false; lazyInit=false; autowireMode=0; dependencyCheck=0; autowireCandidate=true; primary=false; factoryBeanName=null; factoryMethodName=null; initMethodName=null; destroyMethodName=null, order = 500, Root bean: class [org.springframework.security.web.csrf.CsrfFilter]; scope=; abstract=false; lazyInit=false; autowireMode=0; dependencyCheck=0; autowireCandidate=true; primary=false; factoryBeanName=null; factoryMethodName=null; initMethodName=null; destroyMethodName=null, order = 700, <org.springframework.security.web.authentication.UsernamePasswordAuthenticationFilter#0>, order = 1200, <CustomUsernamePasswordAuthenticationFilter>, order = 1201, Root bean: class [org.springframework.security.web.savedrequest.RequestCacheAwareFilter]; scope=; abstract=false; lazyInit=false; autowireMode=0; dependencyCheck=0; autowireCandidate=true; primary=false; factoryBeanName=null; factoryMethodName=null; initMethodName=null; destroyMethodName=null, order = 1700, Root bean: class [null]; scope=; abstract=false; lazyInit=false; autowireMode=0; dependencyCheck=0; autowireCandidate=true; primary=false; factoryBeanName=org.springframework.security.config.http.HttpConfigurationBuilder$SecurityContextHolderAwareRequestFilterBeanFactory#0; factoryMethodName=getBean; initMethodName=null; destroyMethodName=null, order = 1800, Root bean: class [org.springframework.security.web.authentication.AnonymousAuthenticationFilter]; scope=; abstract=false; lazyInit=false; autowireMode=0; dependencyCheck=0; autowireCandidate=true; primary=false; factoryBeanName=null; factoryMethodName=null; initMethodName=null; destroyMethodName=null, order = 2100, Root bean: class [org.springframework.security.web.session.SessionManagementFilter]; scope=; abstract=false; lazyInit=false; autowireMode=0; dependencyCheck=0; autowireCandidate=true; primary=false; factoryBeanName=null; factoryMethodName=null; initMethodName=null; destroyMethodName=null, order = 2200, Root bean: class [org.springframework.security.web.access.ExceptionTranslationFilter]; scope=; abstract=false; lazyInit=false; autowireMode=0; dependencyCheck=0; autowireCandidate=true; primary=false; factoryBeanName=null; factoryMethodName=null; initMethodName=null; destroyMethodName=null, order = 2300, <org.springframework.security.web.access.intercept.FilterSecurityInterceptor#0>, order = 2400]
2018-08-30 17:27:29.458 INFO  802  --- [main] o.s.c.s.GenericApplicationContext 
INFO : Refreshing org.springframework.context.support.GenericApplicationContext@3a7442c7: startup date [Thu Aug 30 17:27:29 KST 2018]; root of context hierarchy
2018-08-30 17:27:29.772 INFO  1116 --- [main] o.s.j.d.DriverManagerDataSource 
INFO : Loaded JDBC driver: org.mariadb.jdbc.Driver
2018-08-30 17:27:30.714 INFO  2058 --- [main] o.s.s.w.DefaultSecurityFilterChain 
INFO : Creating filter chain: org.springframework.security.web.util.matcher.AnyRequestMatcher@1, [org.springframework.security.web.context.SecurityContextPersistenceFilter@4ca8dbfa, org.springframework.security.web.context.request.async.WebAsyncManagerIntegrationFilter@7063686f, org.springframework.security.web.header.HeaderWriterFilter@c3177d5, org.springframework.security.web.csrf.CsrfFilter@76f856a8, org.springframework.security.web.authentication.UsernamePasswordAuthenticationFilter@7c853486, security.CustomUsernamePasswordAuthenticationFilter@174e1b69, org.springframework.security.web.savedrequest.RequestCacheAwareFilter@1046498a, org.springframework.security.web.servletapi.SecurityContextHolderAwareRequestFilter@243f003c, org.springframework.security.web.authentication.AnonymousAuthenticationFilter@71cb3139, org.springframework.security.web.session.SessionManagementFilter@1639f93a, org.springframework.security.web.access.ExceptionTranslationFilter@3491e86e, org.springframework.security.web.access.intercept.FilterSecurityInterceptor@68f32020]
2018-08-30 17:27:30.737 INFO  2081 --- [main] o.s.s.c.h.DefaultFilterChainValidator 
INFO : Checking whether login URL '/common/loginForm' is accessible with your configuration
2018-08-30 17:27:30.784 WARN  2128 --- [main] o.s.s.c.h.DefaultFilterChainValidator 
WARN : Possible error: Filters at position 4 and 5 are both instances of org.springframework.security.web.authentication.UsernamePasswordAuthenticationFilter
2018-08-30 17:27:31.284 INFO  2628 --- [Thread-1] o.s.c.s.GenericApplicationContext 
INFO : Closing org.springframework.context.support.GenericApplicationContext@3a7442c7: startup date [Thu Aug 30 17:27:29 KST 2018]; root of context hierarchy
2018-08-30 17:27:47.813 INFO  302  --- [main] o.s.t.c.s.DefaultTestContextBootstrapper 
INFO : Loaded default TestExecutionListener class names from location [META-INF/spring.factories]: [org.springframework.test.context.web.ServletTestExecutionListener, org.springframework.test.context.support.DirtiesContextBeforeModesTestExecutionListener, org.springframework.test.context.support.DependencyInjectionTestExecutionListener, org.springframework.test.context.support.DirtiesContextTestExecutionListener, org.springframework.test.context.transaction.TransactionalTestExecutionListener, org.springframework.test.context.jdbc.SqlScriptsTestExecutionListener]
2018-08-30 17:27:47.839 INFO  328  --- [main] o.s.t.c.s.DefaultTestContextBootstrapper 
INFO : Using TestExecutionListeners: [org.springframework.test.context.web.ServletTestExecutionListener@40cb8df7, org.springframework.test.context.support.DirtiesContextBeforeModesTestExecutionListener@13b13b5d, org.springframework.test.context.support.DependencyInjectionTestExecutionListener@2892dae4, org.springframework.test.context.support.DirtiesContextTestExecutionListener@355ce81c, org.springframework.test.context.transaction.TransactionalTestExecutionListener@29647f75, org.springframework.test.context.jdbc.SqlScriptsTestExecutionListener@3315d2d7]
2018-08-30 17:27:47.909 INFO  398  --- [main] o.s.b.f.xml.XmlBeanDefinitionReader 
INFO : Loading XML bean definitions from URL [file:WebContent/WEB-INF/spring/root-Context.xml]
2018-08-30 17:27:48.130 INFO  619  --- [main] o.s.s.c.SpringSecurityCoreVersion 
INFO : You are running with Spring Security Core 4.2.3.RELEASE
2018-08-30 17:27:48.146 INFO  635  --- [main] o.s.s.c.SecurityNamespaceHandler 
INFO : Spring Security 'config' module version is 4.2.3.RELEASE
2018-08-30 17:27:48.180 INFO  669  --- [main] o.s.s.c.h.FilterInvocationSecurityMetadataSourceParser 
INFO : Creating access control expression attribute 'permitAll' for /
2018-08-30 17:27:48.180 INFO  669  --- [main] o.s.s.c.h.FilterInvocationSecurityMetadataSourceParser 
INFO : Creating access control expression attribute 'permitAll' for /common/join
2018-08-30 17:27:48.180 INFO  669  --- [main] o.s.s.c.h.FilterInvocationSecurityMetadataSourceParser 
INFO : Creating access control expression attribute 'permitAll' for /common/joinForm
2018-08-30 17:27:48.180 INFO  669  --- [main] o.s.s.c.h.FilterInvocationSecurityMetadataSourceParser 
INFO : Creating access control expression attribute 'permitAll' for /common/login
2018-08-30 17:27:48.180 INFO  669  --- [main] o.s.s.c.h.FilterInvocationSecurityMetadataSourceParser 
INFO : Creating access control expression attribute 'permitAll' for /common/loginForm
2018-08-30 17:27:48.180 INFO  669  --- [main] o.s.s.c.h.FilterInvocationSecurityMetadataSourceParser 
INFO : Creating access control expression attribute 'permitAll' for /common/apiLogin/**
2018-08-30 17:27:48.180 INFO  669  --- [main] o.s.s.c.h.FilterInvocationSecurityMetadataSourceParser 
INFO : Creating access control expression attribute 'permitAll' for /common/main
2018-08-30 17:27:48.180 INFO  669  --- [main] o.s.s.c.h.FilterInvocationSecurityMetadataSourceParser 
INFO : Creating access control expression attribute 'permitAll' for /common/totalTripBoardListAndPaging
2018-08-30 17:27:48.180 INFO  669  --- [main] o.s.s.c.h.FilterInvocationSecurityMetadataSourceParser 
INFO : Creating access control expression attribute 'hasRole('ROLE_USER')' for /common/tripBoardWriteForm
2018-08-30 17:27:48.180 INFO  669  --- [main] o.s.s.c.h.FilterInvocationSecurityMetadataSourceParser 
INFO : Creating access control expression attribute 'hasRole('ROLE_USER')' for /common/tripBoardWrite
2018-08-30 17:27:48.180 INFO  669  --- [main] o.s.s.c.h.FilterInvocationSecurityMetadataSourceParser 
INFO : Creating access control expression attribute 'hasRole('ROLE_ADMIN')' for /common/memberList
2018-08-30 17:27:48.180 INFO  669  --- [main] o.s.s.c.h.FilterInvocationSecurityMetadataSourceParser 
INFO : Creating access control expression attribute 'hasRole('ROLE_USER')' for /common/myPage
2018-08-30 17:27:48.180 INFO  669  --- [main] o.s.s.c.h.FilterInvocationSecurityMetadataSourceParser 
INFO : Creating access control expression attribute 'hasRole('ROLE_USER')' for /common/userInfoUpdate
2018-08-30 17:27:48.180 INFO  669  --- [main] o.s.s.c.h.FilterInvocationSecurityMetadataSourceParser 
INFO : Creating access control expression attribute 'hasRole('ROLE_USER')' for /common/logout
2018-08-30 17:27:48.334 INFO  823  --- [main] o.s.s.c.h.HttpSecurityBeanDefinitionParser 
INFO : Checking sorted filter chain: [Root bean: class [org.springframework.security.web.context.SecurityContextPersistenceFilter]; scope=; abstract=false; lazyInit=false; autowireMode=0; dependencyCheck=0; autowireCandidate=true; primary=false; factoryBeanName=null; factoryMethodName=null; initMethodName=null; destroyMethodName=null, order = 200, Root bean: class [org.springframework.security.web.context.request.async.WebAsyncManagerIntegrationFilter]; scope=; abstract=false; lazyInit=false; autowireMode=0; dependencyCheck=0; autowireCandidate=true; primary=false; factoryBeanName=null; factoryMethodName=null; initMethodName=null; destroyMethodName=null, order = 400, Root bean: class [org.springframework.security.web.header.HeaderWriterFilter]; scope=; abstract=false; lazyInit=false; autowireMode=0; dependencyCheck=0; autowireCandidate=true; primary=false; factoryBeanName=null; factoryMethodName=null; initMethodName=null; destroyMethodName=null, order = 500, Root bean: class [org.springframework.security.web.csrf.CsrfFilter]; scope=; abstract=false; lazyInit=false; autowireMode=0; dependencyCheck=0; autowireCandidate=true; primary=false; factoryBeanName=null; factoryMethodName=null; initMethodName=null; destroyMethodName=null, order = 700, <org.springframework.security.web.authentication.UsernamePasswordAuthenticationFilter#0>, order = 1200, <CustomUsernamePasswordAuthenticationFilter>, order = 1201, Root bean: class [org.springframework.security.web.savedrequest.RequestCacheAwareFilter]; scope=; abstract=false; lazyInit=false; autowireMode=0; dependencyCheck=0; autowireCandidate=true; primary=false; factoryBeanName=null; factoryMethodName=null; initMethodName=null; destroyMethodName=null, order = 1700, Root bean: class [null]; scope=; abstract=false; lazyInit=false; autowireMode=0; dependencyCheck=0; autowireCandidate=true; primary=false; factoryBeanName=org.springframework.security.config.http.HttpConfigurationBuilder$SecurityContextHolderAwareRequestFilterBeanFactory#0; factoryMethodName=getBean; initMethodName=null; destroyMethodName=null, order = 1800, Root bean: class [org.springframework.security.web.authentication.AnonymousAuthenticationFilter]; scope=; abstract=false; lazyInit=false; autowireMode=0; dependencyCheck=0; autowireCandidate=true; primary=false; factoryBeanName=null; factoryMethodName=null; initMethodName=null; destroyMethodName=null, order = 2100, Root bean: class [org.springframework.security.web.session.SessionManagementFilter]; scope=; abstract=false; lazyInit=false; autowireMode=0; dependencyCheck=0; autowireCandidate=true; primary=false; factoryBeanName=null; factoryMethodName=null; initMethodName=null; destroyMethodName=null, order = 2200, Root bean: class [org.springframework.security.web.access.ExceptionTranslationFilter]; scope=; abstract=false; lazyInit=false; autowireMode=0; dependencyCheck=0; autowireCandidate=true; primary=false; factoryBeanName=null; factoryMethodName=null; initMethodName=null; destroyMethodName=null, order = 2300, <org.springframework.security.web.access.intercept.FilterSecurityInterceptor#0>, order = 2400]
2018-08-30 17:27:48.350 INFO  839  --- [main] o.s.c.s.GenericApplicationContext 
INFO : Refreshing org.springframework.context.support.GenericApplicationContext@3a7442c7: startup date [Thu Aug 30 17:27:48 KST 2018]; root of context hierarchy
2018-08-30 17:27:48.682 INFO  1171 --- [main] o.s.j.d.DriverManagerDataSource 
INFO : Loaded JDBC driver: org.mariadb.jdbc.Driver
2018-08-30 17:27:49.622 INFO  2111 --- [main] o.s.s.w.DefaultSecurityFilterChain 
INFO : Creating filter chain: org.springframework.security.web.util.matcher.AnyRequestMatcher@1, [org.springframework.security.web.context.SecurityContextPersistenceFilter@4ca8dbfa, org.springframework.security.web.context.request.async.WebAsyncManagerIntegrationFilter@7063686f, org.springframework.security.web.header.HeaderWriterFilter@c3177d5, org.springframework.security.web.csrf.CsrfFilter@76f856a8, org.springframework.security.web.authentication.UsernamePasswordAuthenticationFilter@7c853486, security.CustomUsernamePasswordAuthenticationFilter@174e1b69, org.springframework.security.web.savedrequest.RequestCacheAwareFilter@1046498a, org.springframework.security.web.servletapi.SecurityContextHolderAwareRequestFilter@243f003c, org.springframework.security.web.authentication.AnonymousAuthenticationFilter@71cb3139, org.springframework.security.web.session.SessionManagementFilter@1639f93a, org.springframework.security.web.access.ExceptionTranslationFilter@3491e86e, org.springframework.security.web.access.intercept.FilterSecurityInterceptor@68f32020]
2018-08-30 17:27:49.641 INFO  2130 --- [main] o.s.s.c.h.DefaultFilterChainValidator 
INFO : Checking whether login URL '/common/loginForm' is accessible with your configuration
2018-08-30 17:27:49.688 WARN  2177 --- [main] o.s.s.c.h.DefaultFilterChainValidator 
WARN : Possible error: Filters at position 4 and 5 are both instances of org.springframework.security.web.authentication.UsernamePasswordAuthenticationFilter
2018-08-30 17:27:50.193 INFO  2682 --- [Thread-1] o.s.c.s.GenericApplicationContext 
INFO : Closing org.springframework.context.support.GenericApplicationContext@3a7442c7: startup date [Thu Aug 30 17:27:48 KST 2018]; root of context hierarchy
2018-08-30 17:28:03.660 INFO  319  --- [main] o.s.t.c.s.DefaultTestContextBootstrapper 
INFO : Loaded default TestExecutionListener class names from location [META-INF/spring.factories]: [org.springframework.test.context.web.ServletTestExecutionListener, org.springframework.test.context.support.DirtiesContextBeforeModesTestExecutionListener, org.springframework.test.context.support.DependencyInjectionTestExecutionListener, org.springframework.test.context.support.DirtiesContextTestExecutionListener, org.springframework.test.context.transaction.TransactionalTestExecutionListener, org.springframework.test.context.jdbc.SqlScriptsTestExecutionListener]
2018-08-30 17:28:03.676 INFO  335  --- [main] o.s.t.c.s.DefaultTestContextBootstrapper 
INFO : Using TestExecutionListeners: [org.springframework.test.context.web.ServletTestExecutionListener@40cb8df7, org.springframework.test.context.support.DirtiesContextBeforeModesTestExecutionListener@13b13b5d, org.springframework.test.context.support.DependencyInjectionTestExecutionListener@2892dae4, org.springframework.test.context.support.DirtiesContextTestExecutionListener@355ce81c, org.springframework.test.context.transaction.TransactionalTestExecutionListener@29647f75, org.springframework.test.context.jdbc.SqlScriptsTestExecutionListener@3315d2d7]
2018-08-30 17:28:03.755 INFO  414  --- [main] o.s.b.f.xml.XmlBeanDefinitionReader 
INFO : Loading XML bean definitions from URL [file:WebContent/WEB-INF/spring/root-Context.xml]
2018-08-30 17:28:04.021 INFO  680  --- [main] o.s.s.c.SpringSecurityCoreVersion 
INFO : You are running with Spring Security Core 4.2.3.RELEASE
2018-08-30 17:28:04.024 INFO  683  --- [main] o.s.s.c.SecurityNamespaceHandler 
INFO : Spring Security 'config' module version is 4.2.3.RELEASE
2018-08-30 17:28:04.055 INFO  714  --- [main] o.s.s.c.h.FilterInvocationSecurityMetadataSourceParser 
INFO : Creating access control expression attribute 'permitAll' for /
2018-08-30 17:28:04.055 INFO  714  --- [main] o.s.s.c.h.FilterInvocationSecurityMetadataSourceParser 
INFO : Creating access control expression attribute 'permitAll' for /common/join
2018-08-30 17:28:04.055 INFO  714  --- [main] o.s.s.c.h.FilterInvocationSecurityMetadataSourceParser 
INFO : Creating access control expression attribute 'permitAll' for /common/joinForm
2018-08-30 17:28:04.055 INFO  714  --- [main] o.s.s.c.h.FilterInvocationSecurityMetadataSourceParser 
INFO : Creating access control expression attribute 'permitAll' for /common/login
2018-08-30 17:28:04.055 INFO  714  --- [main] o.s.s.c.h.FilterInvocationSecurityMetadataSourceParser 
INFO : Creating access control expression attribute 'permitAll' for /common/loginForm
2018-08-30 17:28:04.055 INFO  714  --- [main] o.s.s.c.h.FilterInvocationSecurityMetadataSourceParser 
INFO : Creating access control expression attribute 'permitAll' for /common/apiLogin/**
2018-08-30 17:28:04.055 INFO  714  --- [main] o.s.s.c.h.FilterInvocationSecurityMetadataSourceParser 
INFO : Creating access control expression attribute 'permitAll' for /common/main
2018-08-30 17:28:04.055 INFO  714  --- [main] o.s.s.c.h.FilterInvocationSecurityMetadataSourceParser 
INFO : Creating access control expression attribute 'permitAll' for /common/totalTripBoardListAndPaging
2018-08-30 17:28:04.055 INFO  714  --- [main] o.s.s.c.h.FilterInvocationSecurityMetadataSourceParser 
INFO : Creating access control expression attribute 'hasRole('ROLE_USER')' for /common/tripBoardWriteForm
2018-08-30 17:28:04.055 INFO  714  --- [main] o.s.s.c.h.FilterInvocationSecurityMetadataSourceParser 
INFO : Creating access control expression attribute 'hasRole('ROLE_USER')' for /common/tripBoardWrite
2018-08-30 17:28:04.055 INFO  714  --- [main] o.s.s.c.h.FilterInvocationSecurityMetadataSourceParser 
INFO : Creating access control expression attribute 'hasRole('ROLE_ADMIN')' for /common/memberList
2018-08-30 17:28:04.055 INFO  714  --- [main] o.s.s.c.h.FilterInvocationSecurityMetadataSourceParser 
INFO : Creating access control expression attribute 'hasRole('ROLE_USER')' for /common/myPage
2018-08-30 17:28:04.055 INFO  714  --- [main] o.s.s.c.h.FilterInvocationSecurityMetadataSourceParser 
INFO : Creating access control expression attribute 'hasRole('ROLE_USER')' for /common/userInfoUpdate
2018-08-30 17:28:04.055 INFO  714  --- [main] o.s.s.c.h.FilterInvocationSecurityMetadataSourceParser 
INFO : Creating access control expression attribute 'hasRole('ROLE_USER')' for /common/logout
2018-08-30 17:28:04.205 INFO  864  --- [main] o.s.s.c.h.HttpSecurityBeanDefinitionParser 
INFO : Checking sorted filter chain: [Root bean: class [org.springframework.security.web.context.SecurityContextPersistenceFilter]; scope=; abstract=false; lazyInit=false; autowireMode=0; dependencyCheck=0; autowireCandidate=true; primary=false; factoryBeanName=null; factoryMethodName=null; initMethodName=null; destroyMethodName=null, order = 200, Root bean: class [org.springframework.security.web.context.request.async.WebAsyncManagerIntegrationFilter]; scope=; abstract=false; lazyInit=false; autowireMode=0; dependencyCheck=0; autowireCandidate=true; primary=false; factoryBeanName=null; factoryMethodName=null; initMethodName=null; destroyMethodName=null, order = 400, Root bean: class [org.springframework.security.web.header.HeaderWriterFilter]; scope=; abstract=false; lazyInit=false; autowireMode=0; dependencyCheck=0; autowireCandidate=true; primary=false; factoryBeanName=null; factoryMethodName=null; initMethodName=null; destroyMethodName=null, order = 500, Root bean: class [org.springframework.security.web.csrf.CsrfFilter]; scope=; abstract=false; lazyInit=false; autowireMode=0; dependencyCheck=0; autowireCandidate=true; primary=false; factoryBeanName=null; factoryMethodName=null; initMethodName=null; destroyMethodName=null, order = 700, <org.springframework.security.web.authentication.UsernamePasswordAuthenticationFilter#0>, order = 1200, <CustomUsernamePasswordAuthenticationFilter>, order = 1201, Root bean: class [org.springframework.security.web.savedrequest.RequestCacheAwareFilter]; scope=; abstract=false; lazyInit=false; autowireMode=0; dependencyCheck=0; autowireCandidate=true; primary=false; factoryBeanName=null; factoryMethodName=null; initMethodName=null; destroyMethodName=null, order = 1700, Root bean: class [null]; scope=; abstract=false; lazyInit=false; autowireMode=0; dependencyCheck=0; autowireCandidate=true; primary=false; factoryBeanName=org.springframework.security.config.http.HttpConfigurationBuilder$SecurityContextHolderAwareRequestFilterBeanFactory#0; factoryMethodName=getBean; initMethodName=null; destroyMethodName=null, order = 1800, Root bean: class [org.springframework.security.web.authentication.AnonymousAuthenticationFilter]; scope=; abstract=false; lazyInit=false; autowireMode=0; dependencyCheck=0; autowireCandidate=true; primary=false; factoryBeanName=null; factoryMethodName=null; initMethodName=null; destroyMethodName=null, order = 2100, Root bean: class [org.springframework.security.web.session.SessionManagementFilter]; scope=; abstract=false; lazyInit=false; autowireMode=0; dependencyCheck=0; autowireCandidate=true; primary=false; factoryBeanName=null; factoryMethodName=null; initMethodName=null; destroyMethodName=null, order = 2200, Root bean: class [org.springframework.security.web.access.ExceptionTranslationFilter]; scope=; abstract=false; lazyInit=false; autowireMode=0; dependencyCheck=0; autowireCandidate=true; primary=false; factoryBeanName=null; factoryMethodName=null; initMethodName=null; destroyMethodName=null, order = 2300, <org.springframework.security.web.access.intercept.FilterSecurityInterceptor#0>, order = 2400]
2018-08-30 17:28:04.222 INFO  881  --- [main] o.s.c.s.GenericApplicationContext 
INFO : Refreshing org.springframework.context.support.GenericApplicationContext@3a7442c7: startup date [Thu Aug 30 17:28:04 KST 2018]; root of context hierarchy
2018-08-30 17:28:04.586 INFO  1245 --- [main] o.s.j.d.DriverManagerDataSource 
INFO : Loaded JDBC driver: org.mariadb.jdbc.Driver
2018-08-30 17:28:05.576 INFO  2235 --- [main] o.s.s.w.DefaultSecurityFilterChain 
INFO : Creating filter chain: org.springframework.security.web.util.matcher.AnyRequestMatcher@1, [org.springframework.security.web.context.SecurityContextPersistenceFilter@7063686f, org.springframework.security.web.context.request.async.WebAsyncManagerIntegrationFilter@c3177d5, org.springframework.security.web.header.HeaderWriterFilter@76f856a8, org.springframework.security.web.csrf.CsrfFilter@7c853486, org.springframework.security.web.authentication.UsernamePasswordAuthenticationFilter@174e1b69, security.CustomUsernamePasswordAuthenticationFilter@1046498a, org.springframework.security.web.savedrequest.RequestCacheAwareFilter@243f003c, org.springframework.security.web.servletapi.SecurityContextHolderAwareRequestFilter@71cb3139, org.springframework.security.web.authentication.AnonymousAuthenticationFilter@1639f93a, org.springframework.security.web.session.SessionManagementFilter@3491e86e, org.springframework.security.web.access.ExceptionTranslationFilter@68f32020, org.springframework.security.web.access.intercept.FilterSecurityInterceptor@409986fe]
2018-08-30 17:28:05.602 INFO  2261 --- [main] o.s.s.c.h.DefaultFilterChainValidator 
INFO : Checking whether login URL '/common/loginForm' is accessible with your configuration
2018-08-30 17:28:05.650 WARN  2309 --- [main] o.s.s.c.h.DefaultFilterChainValidator 
WARN : Possible error: Filters at position 4 and 5 are both instances of org.springframework.security.web.authentication.UsernamePasswordAuthenticationFilter
2018-08-30 17:28:06.176 INFO  2835 --- [Thread-1] o.s.c.s.GenericApplicationContext 
INFO : Closing org.springframework.context.support.GenericApplicationContext@3a7442c7: startup date [Thu Aug 30 17:28:04 KST 2018]; root of context hierarchy
2018-08-30 17:28:56.397 INFO  291  --- [main] o.s.t.c.s.DefaultTestContextBootstrapper 
INFO : Loaded default TestExecutionListener class names from location [META-INF/spring.factories]: [org.springframework.test.context.web.ServletTestExecutionListener, org.springframework.test.context.support.DirtiesContextBeforeModesTestExecutionListener, org.springframework.test.context.support.DependencyInjectionTestExecutionListener, org.springframework.test.context.support.DirtiesContextTestExecutionListener, org.springframework.test.context.transaction.TransactionalTestExecutionListener, org.springframework.test.context.jdbc.SqlScriptsTestExecutionListener]
2018-08-30 17:28:56.435 INFO  329  --- [main] o.s.t.c.s.DefaultTestContextBootstrapper 
INFO : Using TestExecutionListeners: [org.springframework.test.context.web.ServletTestExecutionListener@40cb8df7, org.springframework.test.context.support.DirtiesContextBeforeModesTestExecutionListener@13b13b5d, org.springframework.test.context.support.DependencyInjectionTestExecutionListener@2892dae4, org.springframework.test.context.support.DirtiesContextTestExecutionListener@355ce81c, org.springframework.test.context.transaction.TransactionalTestExecutionListener@29647f75, org.springframework.test.context.jdbc.SqlScriptsTestExecutionListener@3315d2d7]
2018-08-30 17:28:56.512 INFO  406  --- [main] o.s.b.f.xml.XmlBeanDefinitionReader 
INFO : Loading XML bean definitions from URL [file:WebContent/WEB-INF/spring/root-Context.xml]
2018-08-30 17:28:56.777 INFO  671  --- [main] o.s.s.c.SpringSecurityCoreVersion 
INFO : You are running with Spring Security Core 4.2.3.RELEASE
2018-08-30 17:28:56.780 INFO  674  --- [main] o.s.s.c.SecurityNamespaceHandler 
INFO : Spring Security 'config' module version is 4.2.3.RELEASE
2018-08-30 17:28:56.811 INFO  705  --- [main] o.s.s.c.h.FilterInvocationSecurityMetadataSourceParser 
INFO : Creating access control expression attribute 'permitAll' for /
2018-08-30 17:28:56.811 INFO  705  --- [main] o.s.s.c.h.FilterInvocationSecurityMetadataSourceParser 
INFO : Creating access control expression attribute 'permitAll' for /common/join
2018-08-30 17:28:56.811 INFO  705  --- [main] o.s.s.c.h.FilterInvocationSecurityMetadataSourceParser 
INFO : Creating access control expression attribute 'permitAll' for /common/joinForm
2018-08-30 17:28:56.811 INFO  705  --- [main] o.s.s.c.h.FilterInvocationSecurityMetadataSourceParser 
INFO : Creating access control expression attribute 'permitAll' for /common/login
2018-08-30 17:28:56.811 INFO  705  --- [main] o.s.s.c.h.FilterInvocationSecurityMetadataSourceParser 
INFO : Creating access control expression attribute 'permitAll' for /common/loginForm
2018-08-30 17:28:56.811 INFO  705  --- [main] o.s.s.c.h.FilterInvocationSecurityMetadataSourceParser 
INFO : Creating access control expression attribute 'permitAll' for /common/apiLogin/**
2018-08-30 17:28:56.811 INFO  705  --- [main] o.s.s.c.h.FilterInvocationSecurityMetadataSourceParser 
INFO : Creating access control expression attribute 'permitAll' for /common/main
2018-08-30 17:28:56.811 INFO  705  --- [main] o.s.s.c.h.FilterInvocationSecurityMetadataSourceParser 
INFO : Creating access control expression attribute 'permitAll' for /common/totalTripBoardListAndPaging
2018-08-30 17:28:56.811 INFO  705  --- [main] o.s.s.c.h.FilterInvocationSecurityMetadataSourceParser 
INFO : Creating access control expression attribute 'hasRole('ROLE_USER')' for /common/tripBoardWriteForm
2018-08-30 17:28:56.811 INFO  705  --- [main] o.s.s.c.h.FilterInvocationSecurityMetadataSourceParser 
INFO : Creating access control expression attribute 'hasRole('ROLE_USER')' for /common/tripBoardWrite
2018-08-30 17:28:56.811 INFO  705  --- [main] o.s.s.c.h.FilterInvocationSecurityMetadataSourceParser 
INFO : Creating access control expression attribute 'hasRole('ROLE_ADMIN')' for /common/memberList
2018-08-30 17:28:56.811 INFO  705  --- [main] o.s.s.c.h.FilterInvocationSecurityMetadataSourceParser 
INFO : Creating access control expression attribute 'hasRole('ROLE_USER')' for /common/myPage
2018-08-30 17:28:56.811 INFO  705  --- [main] o.s.s.c.h.FilterInvocationSecurityMetadataSourceParser 
INFO : Creating access control expression attribute 'hasRole('ROLE_USER')' for /common/userInfoUpdate
2018-08-30 17:28:56.811 INFO  705  --- [main] o.s.s.c.h.FilterInvocationSecurityMetadataSourceParser 
INFO : Creating access control expression attribute 'hasRole('ROLE_USER')' for /common/logout
2018-08-30 17:28:56.959 INFO  853  --- [main] o.s.s.c.h.HttpSecurityBeanDefinitionParser 
INFO : Checking sorted filter chain: [Root bean: class [org.springframework.security.web.context.SecurityContextPersistenceFilter]; scope=; abstract=false; lazyInit=false; autowireMode=0; dependencyCheck=0; autowireCandidate=true; primary=false; factoryBeanName=null; factoryMethodName=null; initMethodName=null; destroyMethodName=null, order = 200, Root bean: class [org.springframework.security.web.context.request.async.WebAsyncManagerIntegrationFilter]; scope=; abstract=false; lazyInit=false; autowireMode=0; dependencyCheck=0; autowireCandidate=true; primary=false; factoryBeanName=null; factoryMethodName=null; initMethodName=null; destroyMethodName=null, order = 400, Root bean: class [org.springframework.security.web.header.HeaderWriterFilter]; scope=; abstract=false; lazyInit=false; autowireMode=0; dependencyCheck=0; autowireCandidate=true; primary=false; factoryBeanName=null; factoryMethodName=null; initMethodName=null; destroyMethodName=null, order = 500, Root bean: class [org.springframework.security.web.csrf.CsrfFilter]; scope=; abstract=false; lazyInit=false; autowireMode=0; dependencyCheck=0; autowireCandidate=true; primary=false; factoryBeanName=null; factoryMethodName=null; initMethodName=null; destroyMethodName=null, order = 700, <org.springframework.security.web.authentication.UsernamePasswordAuthenticationFilter#0>, order = 1200, <CustomUsernamePasswordAuthenticationFilter>, order = 1201, Root bean: class [org.springframework.security.web.savedrequest.RequestCacheAwareFilter]; scope=; abstract=false; lazyInit=false; autowireMode=0; dependencyCheck=0; autowireCandidate=true; primary=false; factoryBeanName=null; factoryMethodName=null; initMethodName=null; destroyMethodName=null, order = 1700, Root bean: class [null]; scope=; abstract=false; lazyInit=false; autowireMode=0; dependencyCheck=0; autowireCandidate=true; primary=false; factoryBeanName=org.springframework.security.config.http.HttpConfigurationBuilder$SecurityContextHolderAwareRequestFilterBeanFactory#0; factoryMethodName=getBean; initMethodName=null; destroyMethodName=null, order = 1800, Root bean: class [org.springframework.security.web.authentication.AnonymousAuthenticationFilter]; scope=; abstract=false; lazyInit=false; autowireMode=0; dependencyCheck=0; autowireCandidate=true; primary=false; factoryBeanName=null; factoryMethodName=null; initMethodName=null; destroyMethodName=null, order = 2100, Root bean: class [org.springframework.security.web.session.SessionManagementFilter]; scope=; abstract=false; lazyInit=false; autowireMode=0; dependencyCheck=0; autowireCandidate=true; primary=false; factoryBeanName=null; factoryMethodName=null; initMethodName=null; destroyMethodName=null, order = 2200, Root bean: class [org.springframework.security.web.access.ExceptionTranslationFilter]; scope=; abstract=false; lazyInit=false; autowireMode=0; dependencyCheck=0; autowireCandidate=true; primary=false; factoryBeanName=null; factoryMethodName=null; initMethodName=null; destroyMethodName=null, order = 2300, <org.springframework.security.web.access.intercept.FilterSecurityInterceptor#0>, order = 2400]
2018-08-30 17:28:56.979 INFO  873  --- [main] o.s.c.s.GenericApplicationContext 
INFO : Refreshing org.springframework.context.support.GenericApplicationContext@3a7442c7: startup date [Thu Aug 30 17:28:56 KST 2018]; root of context hierarchy
2018-08-30 17:28:57.298 INFO  1192 --- [main] o.s.j.d.DriverManagerDataSource 
INFO : Loaded JDBC driver: org.mariadb.jdbc.Driver
2018-08-30 17:28:58.228 INFO  2122 --- [main] o.s.s.w.DefaultSecurityFilterChain 
INFO : Creating filter chain: org.springframework.security.web.util.matcher.AnyRequestMatcher@1, [org.springframework.security.web.context.SecurityContextPersistenceFilter@7063686f, org.springframework.security.web.context.request.async.WebAsyncManagerIntegrationFilter@c3177d5, org.springframework.security.web.header.HeaderWriterFilter@76f856a8, org.springframework.security.web.csrf.CsrfFilter@7c853486, org.springframework.security.web.authentication.UsernamePasswordAuthenticationFilter@174e1b69, security.CustomUsernamePasswordAuthenticationFilter@1046498a, org.springframework.security.web.savedrequest.RequestCacheAwareFilter@243f003c, org.springframework.security.web.servletapi.SecurityContextHolderAwareRequestFilter@71cb3139, org.springframework.security.web.authentication.AnonymousAuthenticationFilter@1639f93a, org.springframework.security.web.session.SessionManagementFilter@3491e86e, org.springframework.security.web.access.ExceptionTranslationFilter@68f32020, org.springframework.security.web.access.intercept.FilterSecurityInterceptor@409986fe]
2018-08-30 17:28:58.262 INFO  2156 --- [main] o.s.s.c.h.DefaultFilterChainValidator 
INFO : Checking whether login URL '/common/loginForm' is accessible with your configuration
2018-08-30 17:28:58.304 WARN  2198 --- [main] o.s.s.c.h.DefaultFilterChainValidator 
WARN : Possible error: Filters at position 4 and 5 are both instances of org.springframework.security.web.authentication.UsernamePasswordAuthenticationFilter
2018-08-30 17:28:59.193 INFO  3087 --- [Thread-1] o.s.c.s.GenericApplicationContext 
INFO : Closing org.springframework.context.support.GenericApplicationContext@3a7442c7: startup date [Thu Aug 30 17:28:56 KST 2018]; root of context hierarchy
2018-08-30 17:29:17.603 INFO  311  --- [main] o.s.t.c.s.DefaultTestContextBootstrapper 
INFO : Loaded default TestExecutionListener class names from location [META-INF/spring.factories]: [org.springframework.test.context.web.ServletTestExecutionListener, org.springframework.test.context.support.DirtiesContextBeforeModesTestExecutionListener, org.springframework.test.context.support.DependencyInjectionTestExecutionListener, org.springframework.test.context.support.DirtiesContextTestExecutionListener, org.springframework.test.context.transaction.TransactionalTestExecutionListener, org.springframework.test.context.jdbc.SqlScriptsTestExecutionListener]
2018-08-30 17:29:17.618 INFO  326  --- [main] o.s.t.c.s.DefaultTestContextBootstrapper 
INFO : Using TestExecutionListeners: [org.springframework.test.context.web.ServletTestExecutionListener@40cb8df7, org.springframework.test.context.support.DirtiesContextBeforeModesTestExecutionListener@13b13b5d, org.springframework.test.context.support.DependencyInjectionTestExecutionListener@2892dae4, org.springframework.test.context.support.DirtiesContextTestExecutionListener@355ce81c, org.springframework.test.context.transaction.TransactionalTestExecutionListener@29647f75, org.springframework.test.context.jdbc.SqlScriptsTestExecutionListener@3315d2d7]
2018-08-30 17:29:17.681 INFO  389  --- [main] o.s.b.f.xml.XmlBeanDefinitionReader 
INFO : Loading XML bean definitions from URL [file:WebContent/WEB-INF/spring/root-Context.xml]
2018-08-30 17:29:17.909 INFO  617  --- [main] o.s.s.c.SpringSecurityCoreVersion 
INFO : You are running with Spring Security Core 4.2.3.RELEASE
2018-08-30 17:29:17.923 INFO  631  --- [main] o.s.s.c.SecurityNamespaceHandler 
INFO : Spring Security 'config' module version is 4.2.3.RELEASE
2018-08-30 17:29:17.961 INFO  669  --- [main] o.s.s.c.h.FilterInvocationSecurityMetadataSourceParser 
INFO : Creating access control expression attribute 'permitAll' for /
2018-08-30 17:29:17.961 INFO  669  --- [main] o.s.s.c.h.FilterInvocationSecurityMetadataSourceParser 
INFO : Creating access control expression attribute 'permitAll' for /common/join
2018-08-30 17:29:17.961 INFO  669  --- [main] o.s.s.c.h.FilterInvocationSecurityMetadataSourceParser 
INFO : Creating access control expression attribute 'permitAll' for /common/joinForm
2018-08-30 17:29:17.961 INFO  669  --- [main] o.s.s.c.h.FilterInvocationSecurityMetadataSourceParser 
INFO : Creating access control expression attribute 'permitAll' for /common/login
2018-08-30 17:29:17.961 INFO  669  --- [main] o.s.s.c.h.FilterInvocationSecurityMetadataSourceParser 
INFO : Creating access control expression attribute 'permitAll' for /common/loginForm
2018-08-30 17:29:17.961 INFO  669  --- [main] o.s.s.c.h.FilterInvocationSecurityMetadataSourceParser 
INFO : Creating access control expression attribute 'permitAll' for /common/apiLogin/**
2018-08-30 17:29:17.961 INFO  669  --- [main] o.s.s.c.h.FilterInvocationSecurityMetadataSourceParser 
INFO : Creating access control expression attribute 'permitAll' for /common/main
2018-08-30 17:29:17.961 INFO  669  --- [main] o.s.s.c.h.FilterInvocationSecurityMetadataSourceParser 
INFO : Creating access control expression attribute 'permitAll' for /common/totalTripBoardListAndPaging
2018-08-30 17:29:17.961 INFO  669  --- [main] o.s.s.c.h.FilterInvocationSecurityMetadataSourceParser 
INFO : Creating access control expression attribute 'hasRole('ROLE_USER')' for /common/tripBoardWriteForm
2018-08-30 17:29:17.961 INFO  669  --- [main] o.s.s.c.h.FilterInvocationSecurityMetadataSourceParser 
INFO : Creating access control expression attribute 'hasRole('ROLE_USER')' for /common/tripBoardWrite
2018-08-30 17:29:17.961 INFO  669  --- [main] o.s.s.c.h.FilterInvocationSecurityMetadataSourceParser 
INFO : Creating access control expression attribute 'hasRole('ROLE_ADMIN')' for /common/memberList
2018-08-30 17:29:17.961 INFO  669  --- [main] o.s.s.c.h.FilterInvocationSecurityMetadataSourceParser 
INFO : Creating access control expression attribute 'hasRole('ROLE_USER')' for /common/myPage
2018-08-30 17:29:17.961 INFO  669  --- [main] o.s.s.c.h.FilterInvocationSecurityMetadataSourceParser 
INFO : Creating access control expression attribute 'hasRole('ROLE_USER')' for /common/userInfoUpdate
2018-08-30 17:29:17.961 INFO  669  --- [main] o.s.s.c.h.FilterInvocationSecurityMetadataSourceParser 
INFO : Creating access control expression attribute 'hasRole('ROLE_USER')' for /common/logout
2018-08-30 17:29:18.106 INFO  814  --- [main] o.s.s.c.h.HttpSecurityBeanDefinitionParser 
INFO : Checking sorted filter chain: [Root bean: class [org.springframework.security.web.context.SecurityContextPersistenceFilter]; scope=; abstract=false; lazyInit=false; autowireMode=0; dependencyCheck=0; autowireCandidate=true; primary=false; factoryBeanName=null; factoryMethodName=null; initMethodName=null; destroyMethodName=null, order = 200, Root bean: class [org.springframework.security.web.context.request.async.WebAsyncManagerIntegrationFilter]; scope=; abstract=false; lazyInit=false; autowireMode=0; dependencyCheck=0; autowireCandidate=true; primary=false; factoryBeanName=null; factoryMethodName=null; initMethodName=null; destroyMethodName=null, order = 400, Root bean: class [org.springframework.security.web.header.HeaderWriterFilter]; scope=; abstract=false; lazyInit=false; autowireMode=0; dependencyCheck=0; autowireCandidate=true; primary=false; factoryBeanName=null; factoryMethodName=null; initMethodName=null; destroyMethodName=null, order = 500, Root bean: class [org.springframework.security.web.csrf.CsrfFilter]; scope=; abstract=false; lazyInit=false; autowireMode=0; dependencyCheck=0; autowireCandidate=true; primary=false; factoryBeanName=null; factoryMethodName=null; initMethodName=null; destroyMethodName=null, order = 700, <org.springframework.security.web.authentication.UsernamePasswordAuthenticationFilter#0>, order = 1200, <CustomUsernamePasswordAuthenticationFilter>, order = 1201, Root bean: class [org.springframework.security.web.savedrequest.RequestCacheAwareFilter]; scope=; abstract=false; lazyInit=false; autowireMode=0; dependencyCheck=0; autowireCandidate=true; primary=false; factoryBeanName=null; factoryMethodName=null; initMethodName=null; destroyMethodName=null, order = 1700, Root bean: class [null]; scope=; abstract=false; lazyInit=false; autowireMode=0; dependencyCheck=0; autowireCandidate=true; primary=false; factoryBeanName=org.springframework.security.config.http.HttpConfigurationBuilder$SecurityContextHolderAwareRequestFilterBeanFactory#0; factoryMethodName=getBean; initMethodName=null; destroyMethodName=null, order = 1800, Root bean: class [org.springframework.security.web.authentication.AnonymousAuthenticationFilter]; scope=; abstract=false; lazyInit=false; autowireMode=0; dependencyCheck=0; autowireCandidate=true; primary=false; factoryBeanName=null; factoryMethodName=null; initMethodName=null; destroyMethodName=null, order = 2100, Root bean: class [org.springframework.security.web.session.SessionManagementFilter]; scope=; abstract=false; lazyInit=false; autowireMode=0; dependencyCheck=0; autowireCandidate=true; primary=false; factoryBeanName=null; factoryMethodName=null; initMethodName=null; destroyMethodName=null, order = 2200, Root bean: class [org.springframework.security.web.access.ExceptionTranslationFilter]; scope=; abstract=false; lazyInit=false; autowireMode=0; dependencyCheck=0; autowireCandidate=true; primary=false; factoryBeanName=null; factoryMethodName=null; initMethodName=null; destroyMethodName=null, order = 2300, <org.springframework.security.web.access.intercept.FilterSecurityInterceptor#0>, order = 2400]
2018-08-30 17:29:18.122 INFO  830  --- [main] o.s.c.s.GenericApplicationContext 
INFO : Refreshing org.springframework.context.support.GenericApplicationContext@3a7442c7: startup date [Thu Aug 30 17:29:18 KST 2018]; root of context hierarchy
2018-08-30 17:29:18.436 INFO  1144 --- [main] o.s.j.d.DriverManagerDataSource 
INFO : Loaded JDBC driver: org.mariadb.jdbc.Driver
2018-08-30 17:29:19.377 INFO  2085 --- [main] o.s.s.w.DefaultSecurityFilterChain 
INFO : Creating filter chain: org.springframework.security.web.util.matcher.AnyRequestMatcher@1, [org.springframework.security.web.context.SecurityContextPersistenceFilter@4ca8dbfa, org.springframework.security.web.context.request.async.WebAsyncManagerIntegrationFilter@7063686f, org.springframework.security.web.header.HeaderWriterFilter@c3177d5, org.springframework.security.web.csrf.CsrfFilter@76f856a8, org.springframework.security.web.authentication.UsernamePasswordAuthenticationFilter@7c853486, security.CustomUsernamePasswordAuthenticationFilter@174e1b69, org.springframework.security.web.savedrequest.RequestCacheAwareFilter@1046498a, org.springframework.security.web.servletapi.SecurityContextHolderAwareRequestFilter@243f003c, org.springframework.security.web.authentication.AnonymousAuthenticationFilter@71cb3139, org.springframework.security.web.session.SessionManagementFilter@1639f93a, org.springframework.security.web.access.ExceptionTranslationFilter@3491e86e, org.springframework.security.web.access.intercept.FilterSecurityInterceptor@68f32020]
2018-08-30 17:29:19.406 INFO  2114 --- [main] o.s.s.c.h.DefaultFilterChainValidator 
INFO : Checking whether login URL '/common/loginForm' is accessible with your configuration
2018-08-30 17:29:19.454 WARN  2162 --- [main] o.s.s.c.h.DefaultFilterChainValidator 
WARN : Possible error: Filters at position 4 and 5 are both instances of org.springframework.security.web.authentication.UsernamePasswordAuthenticationFilter
2018-08-30 17:29:20.360 INFO  3068 --- [Thread-1] o.s.c.s.GenericApplicationContext 
INFO : Closing org.springframework.context.support.GenericApplicationContext@3a7442c7: startup date [Thu Aug 30 17:29:18 KST 2018]; root of context hierarchy
